2025-08-18 17:40:04,722 - INFO - main.py:8 - ------Program Started-----
2025-08-18 17:40:48,905 - INFO - main.py:8 - ------Program Started-----
2025-08-18 17:47:16,366 - INFO - main.py:8 - ------Program Started-----
2025-08-18 19:19:49,819 - INFO - main.py:7 - ------Program Started-----
2025-08-18 19:20:31,809 - INFO - main.py:7 - ------Program Started-----
2025-08-18 20:07:10,136 - INFO - main.py:7 - ------Program Started-----
2025-08-18 20:11:37,345 - INFO - main.py:7 - ------Program Started-----
2025-08-18 20:12:13,091 - INFO - main.py:7 - ------Program Started-----
2025-08-18 20:53:00,003 - INFO - main.py:8 - ------Program Started-----
2025-08-18 20:53:00,063 - ERROR - load_files.py:21 - Parsing error in file: C:\Users\muham\Desktop\retail_pipeline\data\raw\regional_sales.csv
2025-08-18 20:53:00,124 - INFO - load_files.py:16 - Loaded C:\Users\muham\Desktop\retail_pipeline\data\raw\sales_backup.csv
2025-08-18 20:53:00,173 - INFO - load_files.py:16 - Loaded C:\Users\muham\Desktop\retail_pipeline\data\raw\sales_data_Q1.csv
2025-08-18 20:53:00,198 - WARNING - main.py:30 - The following file failed to load: C:\Users\muham\Desktop\retail_pipeline\data\raw\regional_sales.csv
2025-08-18 20:55:52,947 - INFO - main.py:8 - ------Program Started-----
2025-08-18 20:55:52,952 - ERROR - load_files.py:21 - Parsing error in file: C:\Users\muham\Desktop\retail_pipeline\data\raw\regional_sales.csv
2025-08-18 20:55:52,959 - INFO - load_files.py:16 - Loaded C:\Users\muham\Desktop\retail_pipeline\data\raw\sales_backup.csv
2025-08-18 20:55:52,965 - INFO - load_files.py:16 - Loaded C:\Users\muham\Desktop\retail_pipeline\data\raw\sales_data_Q1.csv
2025-08-18 20:55:52,968 - WARNING - main.py:30 - The following file failed to load: C:\Users\muham\Desktop\retail_pipeline\data\raw\regional_sales.csv
2025-08-18 20:56:47,629 - INFO - main.py:8 - ------Program Started-----
2025-08-18 20:56:47,636 - ERROR - load_files.py:21 - Parsing error in file: C:\Users\muham\Desktop\retail_pipeline\data\raw\regional_sales.csv
2025-08-18 20:56:47,648 - INFO - load_files.py:16 - Loaded C:\Users\muham\Desktop\retail_pipeline\data\raw\sales_backup.csv
2025-08-18 20:56:47,655 - INFO - load_files.py:16 - Loaded C:\Users\muham\Desktop\retail_pipeline\data\raw\sales_data_Q1.csv
2025-08-18 20:56:47,663 - WARNING - main.py:30 - The following file failed to load: C:\Users\muham\Desktop\retail_pipeline\data\raw\regional_sales.csv
2025-08-18 21:00:13,062 - INFO - main.py:8 - ------Program Started-----
2025-08-18 21:00:13,070 - ERROR - load_files.py:21 - Parsing error in file: C:\Users\muham\Desktop\retail_pipeline\data\raw\regional_sales.csv
2025-08-18 21:00:13,087 - INFO - load_files.py:16 - Loaded C:\Users\muham\Desktop\retail_pipeline\data\raw\sales_backup.csv
2025-08-18 21:00:13,095 - INFO - load_files.py:16 - Loaded C:\Users\muham\Desktop\retail_pipeline\data\raw\sales_data_Q1.csv
2025-08-18 21:00:13,110 - WARNING - main.py:30 - The following file failed to load: C:\Users\muham\Desktop\retail_pipeline\data\raw\regional_sales.csv
2025-08-18 21:01:12,944 - INFO - main.py:8 - ------Program Started-----
2025-08-18 21:01:12,968 - ERROR - load_files.py:21 - Parsing error in file: C:\Users\muham\Desktop\retail_pipeline\data\raw\regional_sales.csv
2025-08-18 21:01:13,012 - INFO - load_files.py:16 - Loaded C:\Users\muham\Desktop\retail_pipeline\data\raw\sales_backup.csv
2025-08-18 21:01:13,038 - INFO - load_files.py:16 - Loaded C:\Users\muham\Desktop\retail_pipeline\data\raw\sales_data_Q1.csv
2025-08-18 21:01:13,041 - WARNING - main.py:30 - The following file failed to load: C:\Users\muham\Desktop\retail_pipeline\data\raw\regional_sales.csv
2025-08-18 21:06:00,711 - INFO - main.py:8 - ------Program Started-----
2025-08-18 21:06:00,716 - ERROR - load_files.py:24 - Parsing error in file: C:\Users\muham\Desktop\retail_pipeline\data\raw\regional_sales.csv
2025-08-18 21:06:00,741 - INFO - load_files.py:19 - Loaded C:\Users\muham\Desktop\retail_pipeline\data\raw\sales_backup.csv
2025-08-18 21:06:00,745 - INFO - load_files.py:19 - Loaded C:\Users\muham\Desktop\retail_pipeline\data\raw\sales_data_Q1.csv
2025-08-18 21:06:00,749 - WARNING - main.py:30 - The following file failed to load: C:\Users\muham\Desktop\retail_pipeline\data\raw\regional_sales.csv
2025-08-18 21:18:58,944 - INFO - main.py:9 - ------Program Started-----
2025-08-18 21:18:58,958 - INFO - load_files.py:14 - Loaded C:\Users\muham\Desktop\retail_pipeline\data\raw\regional_sales.csv
2025-08-18 21:18:58,964 - INFO - load_files.py:14 - Loaded C:\Users\muham\Desktop\retail_pipeline\data\raw\sales_backup.csv
2025-08-18 21:18:58,968 - INFO - load_files.py:14 - Loaded C:\Users\muham\Desktop\retail_pipeline\data\raw\sales_data_Q1.csv
2025-08-18 21:29:12,286 - INFO - main.py:9 - ------Program Started-----
2025-08-18 21:29:12,297 - INFO - load_files.py:14 - Loaded C:\Users\muham\Desktop\retail_pipeline\data\raw\regional_sales.csv
2025-08-18 21:29:12,304 - INFO - load_files.py:14 - Loaded C:\Users\muham\Desktop\retail_pipeline\data\raw\sales_backup.csv
2025-08-18 21:29:12,309 - INFO - load_files.py:14 - Loaded C:\Users\muham\Desktop\retail_pipeline\data\raw\sales_data_Q1.csv
2025-08-18 21:29:54,489 - INFO - main.py:9 - ------Program Started-----
2025-08-18 21:29:54,497 - ERROR - load_files.py:19 - Parsing error in file: C:\Users\muham\Desktop\retail_pipeline\data\raw\regional_sales.csv
2025-08-18 21:29:54,509 - INFO - load_files.py:23 - Loaded C:\Users\muham\Desktop\retail_pipeline\data\raw\regional_sales.csv on retry
2025-08-18 21:29:54,520 - INFO - load_files.py:14 - Loaded C:\Users\muham\Desktop\retail_pipeline\data\raw\sales_backup.csv
2025-08-18 21:29:54,532 - INFO - load_files.py:14 - Loaded C:\Users\muham\Desktop\retail_pipeline\data\raw\sales_data_Q1.csv
2025-08-18 21:30:40,474 - INFO - main.py:9 - ------Program Started-----
2025-08-18 21:30:40,481 - ERROR - load_files.py:19 - Parsing error in file: C:\Users\muham\Desktop\retail_pipeline\data\raw\regional_sales.csv
2025-08-18 21:30:40,484 - ERROR - load_files.py:25 - Retry failed for C:\Users\muham\Desktop\retail_pipeline\data\raw\regional_sales.csv: Error tokenizing data. C error: Expected 1 fields in line 6, saw 2

2025-08-18 21:30:40,500 - INFO - load_files.py:14 - Loaded C:\Users\muham\Desktop\retail_pipeline\data\raw\sales_backup.csv
2025-08-18 21:30:40,515 - INFO - load_files.py:14 - Loaded C:\Users\muham\Desktop\retail_pipeline\data\raw\sales_data_Q1.csv
2025-08-18 21:30:40,531 - WARNING - main.py:31 - The following file failed to load: C:\Users\muham\Desktop\retail_pipeline\data\raw\regional_sales.csv
2025-08-18 21:32:23,576 - INFO - main.py:9 - ------Program Started-----
2025-08-18 21:32:23,583 - ERROR - load_files.py:19 - Parsing error in file: regional_sales.csv
2025-08-18 21:32:23,587 - ERROR - load_files.py:25 - Retry failed for regional_sales.csv: Error tokenizing data. C error: Expected 1 fields in line 6, saw 2

2025-08-18 21:32:23,597 - INFO - load_files.py:14 - Loaded sales_backup.csv
2025-08-18 21:32:23,613 - INFO - load_files.py:14 - Loaded sales_data_Q1.csv
2025-08-18 21:32:23,617 - WARNING - main.py:31 - The following file failed to load: C:\Users\muham\Desktop\retail_pipeline\data\raw\regional_sales.csv
2025-08-18 21:34:05,342 - INFO - main.py:9 - ------Program Started-----
2025-08-18 21:34:05,349 - ERROR - load_files.py:19 - Parsing error in file: regional_sales.csv
2025-08-18 21:34:05,360 - INFO - load_files.py:23 - Loaded C:\Users\muham\Desktop\retail_pipeline\data\raw\regional_sales.csv on retry
2025-08-18 21:34:05,368 - INFO - load_files.py:14 - Loaded sales_backup.csv
2025-08-18 21:34:05,383 - INFO - load_files.py:14 - Loaded sales_data_Q1.csv
2025-08-18 21:34:56,982 - INFO - main.py:9 - ------Program Started-----
2025-08-18 21:34:56,988 - ERROR - load_files.py:19 - Parsing error in file: regional_sales.csv
2025-08-18 21:34:56,998 - INFO - load_files.py:23 - Loaded regional_sales.csv on retry
2025-08-18 21:34:57,004 - INFO - load_files.py:14 - Loaded sales_backup.csv
2025-08-18 21:34:57,010 - INFO - load_files.py:14 - Loaded sales_data_Q1.csv
2025-08-18 21:36:59,120 - INFO - main.py:9 - ------Program Started-----
2025-08-18 21:36:59,127 - ERROR - load_files.py:19 - Parsing error in file: regional_sales.csv
2025-08-18 21:36:59,138 - INFO - load_files.py:23 - Loaded regional_sales.csv on retry
2025-08-18 21:36:59,150 - INFO - load_files.py:14 - Loaded sales_backup.csv
2025-08-18 21:36:59,156 - INFO - load_files.py:14 - Loaded sales_data_Q1.csv
2025-08-18 21:37:29,512 - INFO - main.py:9 - ------Program Started-----
2025-08-18 21:37:29,520 - INFO - load_files.py:14 - Loaded regional_sales.csv
2025-08-18 21:37:29,526 - INFO - load_files.py:14 - Loaded sales_backup.csv
2025-08-18 21:37:29,531 - INFO - load_files.py:14 - Loaded sales_data_Q1.csv
2025-08-19 07:46:16,099 - INFO - main.py:9 - ------Program Started-----
2025-08-19 07:46:16,118 - ERROR - load_files.py:19 - Parsing error in file: regional_sales.csv
2025-08-19 07:46:16,141 - INFO - load_files.py:23 - Loaded regional_sales.csv on retry
2025-08-19 07:46:16,165 - INFO - load_files.py:14 - Loaded sales_backup.csv
2025-08-19 07:46:16,186 - INFO - load_files.py:14 - Loaded sales_data_Q1.csv
2025-08-19 07:49:14,407 - INFO - main.py:9 - ------Program Started-----
2025-08-19 07:49:14,410 - ERROR - load_files.py:20 - Parsing error in file: regional_sales.csv
2025-08-19 07:49:14,415 - INFO - load_files.py:14 - Loaded sales_backup.csv
2025-08-19 21:21:43,822 - INFO - main.py:9 - ------Program Started-----
2025-08-19 21:21:43,856 - ERROR - load_files.py:46 - Parsing error in file, attempting retry with `on_bad_lines='skip'` for CSV: regional_sales.csv
2025-08-19 21:21:43,876 - INFO - load_files.py:50 - Loaded regional_sales.csv on retry
2025-08-19 21:22:40,310 - INFO - main.py:9 - ------Program Started-----
2025-08-19 21:22:40,322 - ERROR - load_files.py:46 - Parsing error in file, attempting retry with `on_bad_lines='skip'` for CSV: regional_sales.csv
2025-08-19 21:22:40,336 - INFO - load_files.py:50 - Loaded regional_sales.csv on retry
2025-08-19 21:25:09,291 - INFO - main.py:9 - ------Program Started-----
2025-08-19 21:26:35,544 - INFO - main.py:9 - ------Program Started-----
2025-08-19 21:26:35,547 - INFO - load_files.py:38 - Loaded file: regional_sales.csv
2025-08-19 21:26:35,550 - ERROR - load_files.py:47 - Parsing error in file, attempting retry with `on_bad_lines='skip'` for CSV: regional_sales.csv
2025-08-19 21:26:35,558 - INFO - load_files.py:51 - Loaded regional_sales.csv on retry
2025-08-19 21:26:35,560 - INFO - load_files.py:38 - Loaded file: sales_backup.csv
2025-08-19 21:26:35,574 - INFO - load_files.py:38 - Loaded file: sales_data_Q1.csv
2025-08-19 21:32:53,876 - INFO - main.py:9 - ------Program Started-----
2025-08-19 21:32:53,878 - INFO - load_files.py:38 - Loaded file: regional_sales.csv
2025-08-19 21:32:53,881 - ERROR - load_files.py:47 - Parsing error in file, attempting retry with `on_bad_lines='skip'` for CSV: regional_sales.csv
2025-08-19 21:32:53,888 - INFO - load_files.py:51 - Loaded regional_sales.csv on retry
2025-08-19 21:32:53,889 - INFO - load_files.py:38 - Loaded file: sales_backup.csv
2025-08-19 21:32:53,896 - INFO - load_files.py:38 - Loaded file: sales_data_Q1.csv
2025-08-19 21:35:49,142 - INFO - main.py:9 - ------Program Started-----
2025-08-19 21:35:49,146 - ERROR - load_files.py:48 - Parsing error in file, attempting retry with `on_bad_lines='skip'` for CSV: regional_sales.csv
2025-08-19 21:35:49,151 - INFO - load_files.py:52 - Loaded regional_sales.csv on retry
2025-08-19 21:35:49,161 - INFO - load_files.py:39 - Loaded file: sales_backup.csv
2025-08-19 21:35:49,172 - INFO - load_files.py:39 - Loaded file: sales_data_Q1.csv
2025-08-19 22:06:36,069 - INFO - main.py:11 - ------Program Started-----
2025-08-19 22:06:36,074 - ERROR - load_files.py:48 - Parsing error in file, attempting retry with `on_bad_lines='skip'` for CSV: regional_sales.csv
2025-08-19 22:06:36,079 - INFO - load_files.py:52 - Loaded regional_sales.csv on retry
2025-08-19 22:06:36,084 - INFO - load_files.py:39 - Loaded file: sales_backup.csv
2025-08-19 22:06:36,088 - INFO - load_files.py:39 - Loaded file: sales_data_Q1.csv
2025-08-19 22:10:16,067 - INFO - main.py:11 - ------Program Started-----
2025-08-19 22:10:16,072 - ERROR - load_files.py:48 - Parsing error in file, attempting retry with `on_bad_lines='skip'` for CSV: regional_sales.csv
2025-08-19 22:10:16,076 - INFO - load_files.py:52 - Loaded regional_sales.csv on retry
2025-08-19 22:10:16,079 - INFO - load_files.py:39 - Loaded file: sales_backup.csv
2025-08-19 22:10:16,082 - INFO - load_files.py:39 - Loaded file: sales_data_Q1.csv
2025-08-20 08:55:07,552 - INFO - main.py:11 - ------Program Started-----
2025-08-20 08:55:07,570 - ERROR - load_files.py:48 - Parsing error in file, attempting retry with `on_bad_lines='skip'` for CSV: regional_sales.csv
2025-08-20 08:55:07,589 - INFO - load_files.py:52 - Loaded regional_sales.csv on retry
2025-08-20 08:55:07,613 - INFO - load_files.py:39 - Loaded file: sales_backup.csv
2025-08-20 08:55:07,621 - INFO - load_files.py:39 - Loaded file: sales_data_Q1.csv
2025-08-20 08:55:52,656 - INFO - main.py:11 - ------Program Started-----
2025-08-20 08:55:52,660 - ERROR - load_files.py:48 - Parsing error in file, attempting retry with `on_bad_lines='skip'` for CSV: regional_sales.csv
2025-08-20 08:55:52,667 - INFO - load_files.py:52 - Loaded regional_sales.csv on retry
2025-08-20 08:55:52,676 - INFO - load_files.py:39 - Loaded file: sales_backup.csv
2025-08-20 08:55:52,692 - INFO - load_files.py:39 - Loaded file: sales_data_Q1.csv
2025-08-20 08:57:32,204 - INFO - main.py:11 - ------Program Started-----
2025-08-20 08:57:32,211 - ERROR - load_files.py:48 - Parsing error in file, attempting retry with `on_bad_lines='skip'` for CSV: regional_sales.csv
2025-08-20 08:57:32,217 - INFO - load_files.py:52 - Loaded regional_sales.csv on retry
2025-08-20 08:58:11,982 - INFO - main.py:11 - ------Program Started-----
2025-08-20 08:58:11,986 - ERROR - load_files.py:48 - Parsing error in file, attempting retry with `on_bad_lines='skip'` for CSV: regional_sales.csv
2025-08-20 08:58:11,992 - INFO - load_files.py:52 - Loaded regional_sales.csv on retry
2025-08-20 08:58:54,295 - INFO - main.py:11 - ------Program Started-----
2025-08-20 08:58:54,299 - ERROR - load_files.py:48 - Parsing error in file, attempting retry with `on_bad_lines='skip'` for CSV: regional_sales.csv
2025-08-20 08:58:54,304 - INFO - load_files.py:52 - Loaded regional_sales.csv on retry
2025-08-20 08:59:20,747 - INFO - main.py:11 - ------Program Started-----
2025-08-20 08:59:20,751 - ERROR - load_files.py:48 - Parsing error in file, attempting retry with `on_bad_lines='skip'` for CSV: regional_sales.csv
2025-08-20 08:59:20,757 - INFO - load_files.py:52 - Loaded regional_sales.csv on retry
2025-08-20 09:09:17,182 - INFO - main.py:11 - ------Program Started-----
2025-08-20 09:09:17,188 - ERROR - load_files.py:48 - Parsing error in file, attempting retry with `on_bad_lines='skip'` for CSV: regional_sales.csv
2025-08-20 09:09:17,195 - INFO - load_files.py:52 - Loaded regional_sales.csv on retry
2025-08-20 09:13:02,713 - INFO - main.py:11 - ------Program Started-----
2025-08-20 09:13:02,718 - ERROR - load_files.py:48 - Parsing error in file, attempting retry with `on_bad_lines='skip'` for CSV: regional_sales.csv
2025-08-20 09:13:02,722 - INFO - load_files.py:52 - Loaded regional_sales.csv on retry
2025-08-20 09:13:02,766 - INFO - load_files.py:39 - Loaded file: sales_backup.csv
2025-08-20 09:13:02,834 - INFO - load_files.py:39 - Loaded file: sales_data_Q1.csv
2025-08-20 09:13:51,577 - INFO - main.py:11 - ------Program Started-----
2025-08-20 09:13:51,583 - ERROR - load_files.py:48 - Parsing error in file, attempting retry with `on_bad_lines='skip'` for CSV: regional_sales.csv
2025-08-20 09:13:51,592 - INFO - load_files.py:52 - Loaded regional_sales.csv on retry
2025-08-20 09:13:51,617 - INFO - load_files.py:39 - Loaded file: sales_backup.csv
2025-08-20 09:13:51,686 - INFO - load_files.py:39 - Loaded file: sales_data_Q1.csv
2025-08-20 09:14:25,034 - INFO - main.py:11 - ------Program Started-----
2025-08-20 09:14:25,039 - ERROR - load_files.py:48 - Parsing error in file, attempting retry with `on_bad_lines='skip'` for CSV: regional_sales.csv
2025-08-20 09:14:25,043 - INFO - load_files.py:52 - Loaded regional_sales.csv on retry
2025-08-20 09:14:25,079 - INFO - load_files.py:39 - Loaded file: sales_backup.csv
2025-08-20 09:14:25,140 - INFO - load_files.py:39 - Loaded file: sales_data_Q1.csv
2025-08-20 09:43:06,475 - INFO - main.py:11 - ------Program Started-----
2025-08-20 09:43:06,489 - ERROR - load_files.py:48 - Parsing error in file, attempting retry with `on_bad_lines='skip'` for CSV: regional_sales.csv
2025-08-20 09:43:06,495 - INFO - load_files.py:52 - Loaded regional_sales.csv on retry
2025-08-20 09:43:06,555 - INFO - load_files.py:39 - Loaded file: sales_backup.csv
2025-08-20 09:43:06,625 - INFO - load_files.py:39 - Loaded file: sales_data_Q1.csv
2025-08-20 09:45:04,783 - INFO - main.py:11 - ------Program Started-----
2025-08-20 09:45:04,792 - ERROR - load_files.py:48 - Parsing error in file, attempting retry with `on_bad_lines='skip'` for CSV: regional_sales.csv
2025-08-20 09:45:04,843 - INFO - load_files.py:52 - Loaded regional_sales.csv on retry
2025-08-20 09:45:04,919 - INFO - load_files.py:39 - Loaded file: sales_backup.csv
2025-08-20 09:45:04,974 - INFO - load_files.py:39 - Loaded file: sales_data_Q1.csv
2025-08-20 09:46:28,282 - INFO - main.py:11 - ------Program Started-----
2025-08-20 09:46:28,286 - ERROR - load_files.py:48 - Parsing error in file, attempting retry with `on_bad_lines='skip'` for CSV: regional_sales.csv
2025-08-20 09:46:28,290 - INFO - load_files.py:52 - Loaded regional_sales.csv on retry
2025-08-20 10:21:40,645 - INFO - main.py:11 - ------Program Started-----
2025-08-20 10:21:40,657 - ERROR - load_files.py:48 - Parsing error in file, attempting retry with `on_bad_lines='skip'` for CSV: regional_sales.csv
2025-08-20 10:21:40,673 - INFO - load_files.py:52 - Loaded regional_sales.csv on retry
2025-08-20 10:21:40,698 - INFO - load_files.py:39 - Loaded file: sales_backup.csv
2025-08-20 10:21:40,712 - INFO - load_files.py:39 - Loaded file: sales_data_Q1.csv
2025-08-20 10:23:21,779 - INFO - main.py:11 - ------Program Started-----
2025-08-20 10:23:21,788 - ERROR - load_files.py:48 - Parsing error in file, attempting retry with `on_bad_lines='skip'` for CSV: regional_sales.csv
2025-08-20 10:23:21,798 - INFO - load_files.py:52 - Loaded regional_sales.csv on retry
2025-08-20 10:23:21,816 - INFO - load_files.py:39 - Loaded file: sales_backup.csv
2025-08-20 10:23:21,828 - INFO - load_files.py:39 - Loaded file: sales_data_Q1.csv
2025-08-20 10:24:02,077 - INFO - main.py:11 - ------Program Started-----
2025-08-20 10:24:02,085 - ERROR - load_files.py:48 - Parsing error in file, attempting retry with `on_bad_lines='skip'` for CSV: regional_sales.csv
2025-08-20 10:24:02,096 - INFO - load_files.py:52 - Loaded regional_sales.csv on retry
2025-08-20 10:24:02,122 - INFO - load_files.py:39 - Loaded file: sales_backup.csv
2025-08-20 10:24:02,138 - INFO - load_files.py:39 - Loaded file: sales_data_Q1.csv
2025-08-20 10:24:16,166 - INFO - main.py:11 - ------Program Started-----
2025-08-20 10:24:16,172 - ERROR - load_files.py:48 - Parsing error in file, attempting retry with `on_bad_lines='skip'` for CSV: regional_sales.csv
2025-08-20 10:24:16,180 - INFO - load_files.py:52 - Loaded regional_sales.csv on retry
2025-08-20 10:24:16,194 - INFO - load_files.py:39 - Loaded file: sales_backup.csv
2025-08-20 10:24:16,203 - INFO - load_files.py:39 - Loaded file: sales_data_Q1.csv
2025-08-20 10:24:56,336 - INFO - main.py:11 - ------Program Started-----
2025-08-20 10:24:56,342 - ERROR - load_files.py:48 - Parsing error in file, attempting retry with `on_bad_lines='skip'` for CSV: regional_sales.csv
2025-08-20 10:24:56,352 - INFO - load_files.py:52 - Loaded regional_sales.csv on retry
2025-08-20 10:24:56,363 - INFO - load_files.py:39 - Loaded file: sales_backup.csv
2025-08-20 10:24:56,385 - INFO - load_files.py:39 - Loaded file: sales_data_Q1.csv
2025-08-20 10:25:06,019 - INFO - main.py:11 - ------Program Started-----
2025-08-20 10:25:06,023 - ERROR - load_files.py:48 - Parsing error in file, attempting retry with `on_bad_lines='skip'` for CSV: regional_sales.csv
2025-08-20 10:25:06,027 - INFO - load_files.py:52 - Loaded regional_sales.csv on retry
2025-08-20 10:25:06,034 - INFO - load_files.py:39 - Loaded file: sales_backup.csv
2025-08-20 10:25:06,043 - INFO - load_files.py:39 - Loaded file: sales_data_Q1.csv
2025-08-20 10:25:19,410 - INFO - main.py:11 - ------Program Started-----
2025-08-20 10:25:19,425 - ERROR - load_files.py:48 - Parsing error in file, attempting retry with `on_bad_lines='skip'` for CSV: regional_sales.csv
2025-08-20 10:25:19,442 - INFO - load_files.py:52 - Loaded regional_sales.csv on retry
2025-08-20 10:25:19,478 - INFO - load_files.py:39 - Loaded file: sales_backup.csv
2025-08-20 10:25:19,510 - INFO - load_files.py:39 - Loaded file: sales_data_Q1.csv
2025-08-20 11:19:35,762 - INFO - main.py:12 - ------Program Started-----
2025-08-20 11:19:35,773 - ERROR - load_files.py:48 - Parsing error in file, attempting retry with `on_bad_lines='skip'` for CSV: regional_sales.csv
2025-08-20 11:19:35,786 - INFO - load_files.py:52 - Loaded regional_sales.csv on retry
2025-08-20 11:19:35,800 - INFO - load_files.py:39 - Loaded file: sales_backup.csv
2025-08-20 11:19:35,803 - INFO - load_files.py:39 - Loaded file: sales_data_Q1.csv
2025-08-21 09:42:23,269 - INFO - main.py:12 - ------Program Started-----
2025-08-21 09:42:23,298 - ERROR - load_files.py:48 - Parsing error in file, attempting retry with `on_bad_lines='skip'` for CSV: regional_sales.csv
2025-08-21 09:42:23,312 - INFO - load_files.py:52 - Loaded regional_sales.csv on retry
2025-08-21 10:02:41,404 - INFO - main.py:12 - ------Program Started-----
2025-08-21 10:02:41,414 - ERROR - load_files.py:48 - Parsing error in file, attempting retry with `on_bad_lines='skip'` for CSV: regional_sales.csv
2025-08-21 10:02:41,425 - INFO - load_files.py:52 - Loaded regional_sales.csv on retry
2025-08-21 10:14:57,699 - INFO - main.py:12 - ------Program Started-----
2025-08-21 10:14:57,703 - ERROR - load_files.py:48 - Parsing error in file, attempting retry with `on_bad_lines='skip'` for CSV: regional_sales.csv
2025-08-21 10:14:57,706 - INFO - load_files.py:52 - Loaded regional_sales.csv on retry
2025-08-21 10:20:28,258 - INFO - main.py:12 - ------Program Started-----
2025-08-21 10:20:28,261 - ERROR - load_files.py:48 - Parsing error in file, attempting retry with `on_bad_lines='skip'` for CSV: regional_sales.csv
2025-08-21 10:20:28,275 - INFO - load_files.py:52 - Loaded regional_sales.csv on retry
2025-08-21 10:20:28,293 - INFO - load_files.py:39 - Loaded file: sales_backup.csv
2025-08-21 10:20:28,310 - INFO - load_files.py:39 - Loaded file: sales_data_Q1.csv
2025-08-21 11:07:45,003 - INFO - main.py:12 - ------Program Started-----
2025-08-21 11:07:45,007 - ERROR - load_files.py:52 - Parsing error in file, attempting retry with `on_bad_lines='skip'` for CSV: regional_sales.csv
2025-08-21 11:07:45,014 - INFO - load_files.py:56 - Loaded regional_sales.csv on retry
2025-08-21 11:07:45,020 - INFO - load_files.py:43 - Loaded file: sales_backup.csv
2025-08-21 11:07:45,024 - INFO - load_files.py:43 - Loaded file: sales_data_Q1.csv
2025-08-21 11:09:35,075 - INFO - main.py:12 - ------Program Started-----
2025-08-21 11:09:35,079 - ERROR - load_files.py:52 - Parsing error in file, attempting retry with `on_bad_lines='skip'` for CSV: regional_sales.csv
2025-08-21 11:09:35,083 - INFO - load_files.py:56 - Loaded regional_sales.csv on retry
2025-08-21 11:09:35,086 - INFO - load_files.py:43 - Loaded file: sales_backup.csv
2025-08-21 11:09:35,089 - INFO - load_files.py:43 - Loaded file: sales_data_Q1.csv
2025-08-21 11:15:45,136 - INFO - main.py:12 - ------Program Started-----
2025-08-21 11:15:45,147 - ERROR - load_files.py:52 - Parsing error in file, attempting retry with `on_bad_lines='skip'` for CSV: regional_sales.csv
2025-08-21 11:15:45,157 - INFO - load_files.py:56 - Loaded regional_sales.csv on retry
2025-08-21 11:15:45,164 - INFO - load_files.py:43 - Loaded file: sales_backup.csv
2025-08-21 11:15:45,177 - INFO - load_files.py:43 - Loaded file: sales_data_Q1.csv
2025-08-21 11:16:12,654 - INFO - main.py:12 - ------Program Started-----
2025-08-21 11:16:12,658 - ERROR - load_files.py:52 - Parsing error in file, attempting retry with `on_bad_lines='skip'` for CSV: regional_sales.csv
2025-08-21 11:16:12,664 - INFO - load_files.py:56 - Loaded regional_sales.csv on retry
2025-08-21 11:16:12,669 - INFO - load_files.py:43 - Loaded file: sales_backup.csv
2025-08-21 11:16:12,678 - INFO - load_files.py:43 - Loaded file: sales_data_Q1.csv
2025-08-21 11:51:03,798 - INFO - main.py:12 - ------Program Started-----
2025-08-21 11:51:03,802 - ERROR - load_files.py:52 - Parsing error in file, attempting retry with `on_bad_lines='skip'` for CSV: regional_sales.csv
2025-08-21 11:51:03,809 - INFO - load_files.py:56 - Loaded regional_sales.csv on retry
2025-08-21 11:51:03,814 - INFO - load_files.py:43 - Loaded file: sales_backup.csv
2025-08-21 11:51:03,818 - INFO - load_files.py:43 - Loaded file: sales_data_Q1.csv
2025-08-21 11:51:22,206 - INFO - main.py:12 - ------Program Started-----
2025-08-21 11:51:22,215 - ERROR - load_files.py:52 - Parsing error in file, attempting retry with `on_bad_lines='skip'` for CSV: regional_sales.csv
2025-08-21 11:51:22,221 - INFO - load_files.py:56 - Loaded regional_sales.csv on retry
2025-08-21 11:51:22,225 - INFO - load_files.py:43 - Loaded file: sales_backup.csv
2025-08-21 11:51:22,232 - INFO - load_files.py:43 - Loaded file: sales_data_Q1.csv
2025-08-21 11:51:36,345 - INFO - main.py:12 - ------Program Started-----
2025-08-21 11:51:36,349 - ERROR - load_files.py:52 - Parsing error in file, attempting retry with `on_bad_lines='skip'` for CSV: regional_sales.csv
2025-08-21 11:51:36,353 - INFO - load_files.py:56 - Loaded regional_sales.csv on retry
2025-08-21 11:51:36,356 - INFO - load_files.py:43 - Loaded file: sales_backup.csv
2025-08-21 11:51:36,359 - INFO - load_files.py:43 - Loaded file: sales_data_Q1.csv
2025-08-21 12:04:03,899 - INFO - main.py:12 - ------Program Started-----
2025-08-21 12:04:03,902 - ERROR - load_files.py:52 - Parsing error in file, attempting retry with `on_bad_lines='skip'` for CSV: regional_sales.csv
2025-08-21 12:04:03,908 - INFO - load_files.py:56 - Loaded regional_sales.csv on retry
2025-08-21 12:04:03,911 - INFO - load_files.py:43 - Loaded file: sales_backup.csv
2025-08-21 12:04:03,913 - INFO - load_files.py:43 - Loaded file: sales_data_Q1.csv
2025-08-21 12:05:46,401 - INFO - main.py:12 - ------Program Started-----
2025-08-21 12:05:46,407 - ERROR - load_files.py:52 - Parsing error in file, attempting retry with `on_bad_lines='skip'` for CSV: regional_sales.csv
2025-08-21 12:05:46,417 - INFO - load_files.py:56 - Loaded regional_sales.csv on retry
2025-08-21 12:05:46,427 - INFO - load_files.py:43 - Loaded file: sales_backup.csv
2025-08-21 12:05:46,443 - INFO - load_files.py:43 - Loaded file: sales_data_Q1.csv
2025-08-21 12:07:05,372 - INFO - main.py:12 - ------Program Started-----
2025-08-21 12:07:05,375 - ERROR - load_files.py:52 - Parsing error in file, attempting retry with `on_bad_lines='skip'` for CSV: regional_sales.csv
2025-08-21 12:07:05,380 - INFO - load_files.py:56 - Loaded regional_sales.csv on retry
2025-08-21 12:07:05,384 - INFO - load_files.py:43 - Loaded file: sales_backup.csv
2025-08-21 12:07:05,387 - INFO - load_files.py:43 - Loaded file: sales_data_Q1.csv
2025-08-21 12:36:31,116 - INFO - main.py:12 - ------Program Started-----
2025-08-21 12:36:31,121 - ERROR - load_files.py:52 - Parsing error in file, attempting retry with `on_bad_lines='skip'` for CSV: regional_sales.csv
2025-08-21 12:36:31,128 - INFO - load_files.py:56 - Loaded regional_sales.csv on retry
2025-08-21 12:36:31,133 - INFO - load_files.py:43 - Loaded file: sales_backup.csv
2025-08-21 12:36:31,139 - INFO - load_files.py:43 - Loaded file: sales_data_Q1.csv
2025-08-21 12:36:51,903 - INFO - main.py:12 - ------Program Started-----
2025-08-21 12:36:51,907 - ERROR - load_files.py:52 - Parsing error in file, attempting retry with `on_bad_lines='skip'` for CSV: regional_sales.csv
2025-08-21 12:36:51,915 - INFO - load_files.py:56 - Loaded regional_sales.csv on retry
2025-08-21 12:36:51,922 - INFO - load_files.py:43 - Loaded file: sales_backup.csv
2025-08-21 12:36:51,931 - INFO - load_files.py:43 - Loaded file: sales_data_Q1.csv
2025-08-21 12:37:59,354 - INFO - main.py:12 - ------Program Started-----
2025-08-21 12:37:59,358 - ERROR - load_files.py:52 - Parsing error in file, attempting retry with `on_bad_lines='skip'` for CSV: regional_sales.csv
2025-08-21 12:37:59,363 - INFO - load_files.py:56 - Loaded regional_sales.csv on retry
2025-08-21 12:37:59,368 - INFO - load_files.py:43 - Loaded file: sales_backup.csv
2025-08-21 12:37:59,372 - INFO - load_files.py:43 - Loaded file: sales_data_Q1.csv
2025-08-21 12:38:44,703 - INFO - main.py:12 - ------Program Started-----
2025-08-21 12:38:44,710 - ERROR - load_files.py:52 - Parsing error in file, attempting retry with `on_bad_lines='skip'` for CSV: regional_sales.csv
2025-08-21 12:38:44,716 - INFO - load_files.py:56 - Loaded regional_sales.csv on retry
2025-08-21 12:38:44,721 - INFO - load_files.py:43 - Loaded file: sales_backup.csv
2025-08-21 12:38:44,726 - INFO - load_files.py:43 - Loaded file: sales_data_Q1.csv
2025-08-21 12:39:23,346 - INFO - main.py:12 - ------Program Started-----
2025-08-21 12:39:23,351 - ERROR - load_files.py:52 - Parsing error in file, attempting retry with `on_bad_lines='skip'` for CSV: regional_sales.csv
2025-08-21 12:39:23,360 - INFO - load_files.py:56 - Loaded regional_sales.csv on retry
2025-08-21 12:39:23,364 - INFO - load_files.py:43 - Loaded file: sales_backup.csv
2025-08-21 12:39:23,369 - INFO - load_files.py:43 - Loaded file: sales_data_Q1.csv
2025-08-21 12:40:09,522 - INFO - main.py:12 - ------Program Started-----
2025-08-21 12:40:09,526 - ERROR - load_files.py:52 - Parsing error in file, attempting retry with `on_bad_lines='skip'` for CSV: regional_sales.csv
2025-08-21 12:40:09,533 - INFO - load_files.py:56 - Loaded regional_sales.csv on retry
2025-08-21 12:40:09,537 - INFO - load_files.py:43 - Loaded file: sales_backup.csv
2025-08-21 12:40:09,541 - INFO - load_files.py:43 - Loaded file: sales_data_Q1.csv
2025-08-21 12:40:18,487 - INFO - main.py:12 - ------Program Started-----
2025-08-21 12:40:18,490 - ERROR - load_files.py:52 - Parsing error in file, attempting retry with `on_bad_lines='skip'` for CSV: regional_sales.csv
2025-08-21 12:40:18,497 - INFO - load_files.py:56 - Loaded regional_sales.csv on retry
2025-08-21 12:40:18,502 - INFO - load_files.py:43 - Loaded file: sales_backup.csv
2025-08-21 12:40:18,510 - INFO - load_files.py:43 - Loaded file: sales_data_Q1.csv
2025-08-21 12:40:26,248 - INFO - main.py:12 - ------Program Started-----
2025-08-21 12:40:26,254 - ERROR - load_files.py:52 - Parsing error in file, attempting retry with `on_bad_lines='skip'` for CSV: regional_sales.csv
2025-08-21 12:40:26,265 - INFO - load_files.py:56 - Loaded regional_sales.csv on retry
2025-08-21 12:40:26,270 - INFO - load_files.py:43 - Loaded file: sales_backup.csv
2025-08-21 12:40:26,282 - INFO - load_files.py:43 - Loaded file: sales_data_Q1.csv
2025-08-21 12:40:42,698 - INFO - main.py:12 - ------Program Started-----
2025-08-21 12:40:42,703 - ERROR - load_files.py:52 - Parsing error in file, attempting retry with `on_bad_lines='skip'` for CSV: regional_sales.csv
2025-08-21 12:40:42,710 - INFO - load_files.py:56 - Loaded regional_sales.csv on retry
2025-08-21 12:40:42,714 - INFO - load_files.py:43 - Loaded file: sales_backup.csv
2025-08-21 12:40:42,727 - INFO - load_files.py:43 - Loaded file: sales_data_Q1.csv
2025-08-21 12:41:11,423 - INFO - main.py:12 - ------Program Started-----
2025-08-21 12:41:11,430 - ERROR - load_files.py:52 - Parsing error in file, attempting retry with `on_bad_lines='skip'` for CSV: regional_sales.csv
2025-08-21 12:41:11,436 - INFO - load_files.py:56 - Loaded regional_sales.csv on retry
2025-08-21 12:41:11,440 - INFO - load_files.py:43 - Loaded file: sales_backup.csv
2025-08-21 12:41:11,447 - INFO - load_files.py:43 - Loaded file: sales_data_Q1.csv
2025-08-21 12:42:31,871 - INFO - main.py:12 - ------Program Started-----
2025-08-21 12:42:31,878 - ERROR - load_files.py:52 - Parsing error in file, attempting retry with `on_bad_lines='skip'` for CSV: regional_sales.csv
2025-08-21 12:42:31,886 - INFO - load_files.py:56 - Loaded regional_sales.csv on retry
2025-08-21 12:42:31,896 - INFO - load_files.py:43 - Loaded file: sales_backup.csv
2025-08-21 12:42:31,900 - INFO - load_files.py:43 - Loaded file: sales_data_Q1.csv
2025-08-21 12:43:56,852 - INFO - main.py:12 - ------Program Started-----
2025-08-21 12:43:56,857 - ERROR - load_files.py:52 - Parsing error in file, attempting retry with `on_bad_lines='skip'` for CSV: regional_sales.csv
2025-08-21 12:43:56,864 - INFO - load_files.py:56 - Loaded regional_sales.csv on retry
2025-08-21 12:43:56,870 - INFO - load_files.py:43 - Loaded file: sales_backup.csv
2025-08-21 12:43:56,879 - INFO - load_files.py:43 - Loaded file: sales_data_Q1.csv
2025-08-21 12:44:25,760 - INFO - main.py:12 - ------Program Started-----
2025-08-21 12:44:25,767 - ERROR - load_files.py:52 - Parsing error in file, attempting retry with `on_bad_lines='skip'` for CSV: regional_sales.csv
2025-08-21 12:44:25,772 - INFO - load_files.py:56 - Loaded regional_sales.csv on retry
2025-08-21 12:44:25,776 - INFO - load_files.py:43 - Loaded file: sales_backup.csv
2025-08-21 12:44:25,779 - INFO - load_files.py:43 - Loaded file: sales_data_Q1.csv
2025-08-21 12:45:18,045 - INFO - main.py:12 - ------Program Started-----
2025-08-21 12:45:18,051 - ERROR - load_files.py:52 - Parsing error in file, attempting retry with `on_bad_lines='skip'` for CSV: regional_sales.csv
2025-08-21 12:45:18,057 - INFO - load_files.py:56 - Loaded regional_sales.csv on retry
2025-08-21 12:45:18,063 - INFO - load_files.py:43 - Loaded file: sales_backup.csv
2025-08-21 12:45:18,067 - INFO - load_files.py:43 - Loaded file: sales_data_Q1.csv
2025-08-21 12:46:10,229 - INFO - main.py:12 - ------Program Started-----
2025-08-21 12:46:10,234 - ERROR - load_files.py:52 - Parsing error in file, attempting retry with `on_bad_lines='skip'` for CSV: regional_sales.csv
2025-08-21 12:46:10,243 - INFO - load_files.py:56 - Loaded regional_sales.csv on retry
2025-08-21 12:46:10,248 - INFO - load_files.py:43 - Loaded file: sales_backup.csv
2025-08-21 12:46:10,254 - INFO - load_files.py:43 - Loaded file: sales_data_Q1.csv
2025-08-21 12:47:08,790 - INFO - main.py:12 - ------Program Started-----
2025-08-21 12:47:08,794 - ERROR - load_files.py:52 - Parsing error in file, attempting retry with `on_bad_lines='skip'` for CSV: regional_sales.csv
2025-08-21 12:47:08,801 - INFO - load_files.py:56 - Loaded regional_sales.csv on retry
2025-08-21 12:47:08,804 - INFO - load_files.py:43 - Loaded file: sales_backup.csv
2025-08-21 12:47:08,807 - INFO - load_files.py:43 - Loaded file: sales_data_Q1.csv
2025-08-21 12:50:52,158 - INFO - main.py:12 - ------Program Started-----
2025-08-21 12:50:52,163 - ERROR - load_files.py:52 - Parsing error in file, attempting retry with `on_bad_lines='skip'` for CSV: regional_sales.csv
2025-08-21 12:50:52,169 - INFO - load_files.py:56 - Loaded regional_sales.csv on retry
2025-08-21 12:50:52,174 - INFO - load_files.py:43 - Loaded file: sales_backup.csv
2025-08-21 12:50:52,180 - INFO - load_files.py:43 - Loaded file: sales_data_Q1.csv
2025-08-21 12:51:05,050 - INFO - main.py:12 - ------Program Started-----
2025-08-21 12:51:05,054 - ERROR - load_files.py:52 - Parsing error in file, attempting retry with `on_bad_lines='skip'` for CSV: regional_sales.csv
2025-08-21 12:51:05,060 - INFO - load_files.py:56 - Loaded regional_sales.csv on retry
2025-08-21 12:51:05,065 - INFO - load_files.py:43 - Loaded file: sales_backup.csv
2025-08-21 12:51:05,069 - INFO - load_files.py:43 - Loaded file: sales_data_Q1.csv
2025-08-21 12:54:31,868 - INFO - main.py:12 - ------Program Started-----
2025-08-21 12:54:31,872 - ERROR - load_files.py:52 - Parsing error in file, attempting retry with `on_bad_lines='skip'` for CSV: regional_sales.csv
2025-08-21 12:54:31,879 - INFO - load_files.py:56 - Loaded regional_sales.csv on retry
2025-08-21 12:54:31,883 - INFO - load_files.py:43 - Loaded file: sales_backup.csv
2025-08-21 12:54:31,888 - INFO - load_files.py:43 - Loaded file: sales_data_Q1.csv
2025-08-21 12:59:37,773 - INFO - main.py:12 - ------Program Started-----
2025-08-21 12:59:37,777 - ERROR - load_files.py:52 - Parsing error in file, attempting retry with `on_bad_lines='skip'` for CSV: regional_sales.csv
2025-08-21 12:59:37,785 - INFO - load_files.py:56 - Loaded regional_sales.csv on retry
2025-08-21 12:59:37,790 - INFO - load_files.py:43 - Loaded file: sales_backup.csv
2025-08-21 12:59:37,795 - INFO - load_files.py:43 - Loaded file: sales_data_Q1.csv
2025-08-21 12:59:55,399 - INFO - main.py:12 - ------Program Started-----
2025-08-21 12:59:55,404 - ERROR - load_files.py:52 - Parsing error in file, attempting retry with `on_bad_lines='skip'` for CSV: regional_sales.csv
2025-08-21 12:59:55,411 - INFO - load_files.py:56 - Loaded regional_sales.csv on retry
2025-08-21 12:59:55,415 - INFO - load_files.py:43 - Loaded file: sales_backup.csv
2025-08-21 12:59:55,418 - INFO - load_files.py:43 - Loaded file: sales_data_Q1.csv
2025-08-21 13:02:05,216 - INFO - main.py:12 - ------Program Started-----
2025-08-21 13:02:05,220 - ERROR - load_files.py:52 - Parsing error in file, attempting retry with `on_bad_lines='skip'` for CSV: regional_sales.csv
2025-08-21 13:02:05,227 - INFO - load_files.py:56 - Loaded regional_sales.csv on retry
2025-08-21 13:02:05,231 - INFO - load_files.py:43 - Loaded file: sales_backup.csv
2025-08-21 13:02:05,235 - INFO - load_files.py:43 - Loaded file: sales_data_Q1.csv
2025-08-21 13:03:36,318 - INFO - main.py:12 - ------Program Started-----
2025-08-21 13:03:36,324 - ERROR - load_files.py:52 - Parsing error in file, attempting retry with `on_bad_lines='skip'` for CSV: regional_sales.csv
2025-08-21 13:03:36,330 - INFO - load_files.py:56 - Loaded regional_sales.csv on retry
2025-08-21 13:03:36,337 - INFO - load_files.py:43 - Loaded file: sales_backup.csv
2025-08-21 13:03:36,343 - INFO - load_files.py:43 - Loaded file: sales_data_Q1.csv
